<?xml version="1.0" encoding="UTF-8"?>
<!-- Generated by org.testng.reporters.JUnitReportReporter -->
<testsuite hostname="SUGATA_KAR" name="jenkinsDemo2.JenkinsDemo2" tests="1" failures="0" timestamp="5 Jun 2016 10:07:23 GMT" time="19.856" errors="0">
  <testcase name="jrnkinsDemo1" time="19.856" classname="jenkinsDemo2.JenkinsDemo2"/>
</testsuite> <!-- jenkinsDemo2.JenkinsDemo2 -->
